<?xml version="1.0" encoding="UTF-8"?>
<coverage generated="1664982433483" clover="3.2.0">
  <project timestamp="1664982433483" name="All files">
    <metrics statements="2" coveredstatements="2" conditionals="6" coveredconditionals="3" methods="1" coveredmethods="1" elements="9" coveredelements="6" complexity="0" loc="2" ncloc="2" packages="1" files="1" classes="1"/>
    <file name="App.js" path="/home/s/Desktop/P/3/sprint 3/Wits_Overflow/src/App.js">
      <metrics statements="2" coveredstatements="2" conditionals="6" coveredconditionals="3" methods="1" coveredmethods="1"/>
      <line num="24" count="1" type="stmt"/>
      <line num="26" count="1" type="stmt"/>
    </file>
  </project>
</coverage>
