{"/home/s/Desktop/P/try/Sprint 3 demo/Wits_Overflow/src/App.js": {"path":"/home/s/Desktop/P/try/Sprint 3 demo/Wits_Overflow/src/App.js","statementMap":{"0":{"start":{"line":24,"column":35},"end":{"line":24,"column":51}},"1":{"start":{"line":26,"column":2},"end":{"line":53,"column":4}}},"fnMap":{"0":{"name":"App","decl":{"start":{"line":23,"column":9},"end":{"line":23,"column":12}},"loc":{"start":{"line":23,"column":15},"end":{"line":54,"column":1}},"line":23}},"branchMap":{"0":{"loc":{"start":{"line":28,"column":7},"end":{"line":28,"column":48}},"type":"binary-expr","locations":[{"start":{"line":28,"column":7},"end":{"line":28,"column":12}},{"start":{"line":28,"column":16},"end":{"line":28,"column":48}}],"line":28},"1":{"loc":{"start":{"line":29,"column":7},"end":{"line":29,"column":79}},"type":"cond-expr","locations":[{"start":{"line":29,"column":17},"end":{"line":29,"column":36}},{"start":{"line":29,"column":39},"end":{"line":29,"column":79}}],"line":29},"2":{"loc":{"start":{"line":29,"column":43},"end":{"line":29,"column":74}},"type":"cond-expr","locations":[{"start":{"line":29,"column":50},"end":{"line":29,"column":63}},{"start":{"line":29,"column":66},"end":{"line":29,"column":74}}],"line":29}},"s":{"0":1,"1":1},"f":{"0":1},"b":{"0":[1,0],"1":[0,1],"2":[0,1]},"_coverageSchema":"1a1c01bbd47fc00a2c39e90264f33305004495a9","hash":"491774738e2f3cfc86cb1a119487793e9e69fff7"}
,"/home/s/Desktop/P/try/Sprint 3 demo/Wits_Overflow/src/components/AllPostsT.js": {"path":"/home/s/Desktop/P/try/Sprint 3 demo/Wits_Overflow/src/components/AllPostsT.js","statementMap":{"0":{"start":{"line":8,"column":30},"end":{"line":8,"column":42}},"1":{"start":{"line":10,"column":16},"end":{"line":10,"column":60}},"2":{"start":{"line":12,"column":16},"end":{"line":12,"column":29}},"3":{"start":{"line":15,"column":8},"end":{"line":21,"column":11}},"4":{"start":{"line":16,"column":26},"end":{"line":16,"column":28}},"5":{"start":{"line":17,"column":12},"end":{"line":19,"column":15}},"6":{"start":{"line":18,"column":16},"end":{"line":18,"column":39}},"7":{"start":{"line":20,"column":12},"end":{"line":20,"column":28}},"8":{"start":{"line":24,"column":4},"end":{"line":24,"column":40}},"9":{"start":{"line":24,"column":22},"end":{"line":24,"column":32}},"10":{"start":{"line":27,"column":8},"end":{"line":36,"column":10}},"11":{"start":{"line":41,"column":8},"end":{"line":50,"column":10}},"12":{"start":{"line":54,"column":4},"end":{"line":81,"column":5}},"13":{"start":{"line":62,"column":24},"end":{"line":76,"column":30}},"14":{"start":{"line":68,"column":126},"end":{"line":68,"column":288}}},"fnMap":{"0":{"name":"AllPostsT","decl":{"start":{"line":7,"column":9},"end":{"line":7,"column":18}},"loc":{"start":{"line":7,"column":21},"end":{"line":82,"column":1}},"line":7},"1":{"name":"AllPosts","decl":{"start":{"line":14,"column":13},"end":{"line":14,"column":21}},"loc":{"start":{"line":14,"column":24},"end":{"line":22,"column":5}},"line":14},"2":{"name":"(anonymous_2)","decl":{"start":{"line":15,"column":23},"end":{"line":15,"column":24}},"loc":{"start":{"line":15,"column":42},"end":{"line":21,"column":9}},"line":15},"3":{"name":"(anonymous_3)","decl":{"start":{"line":17,"column":34},"end":{"line":17,"column":35}},"loc":{"start":{"line":17,"column":43},"end":{"line":19,"column":13}},"line":17},"4":{"name":"(anonymous_4)","decl":{"start":{"line":24,"column":14},"end":{"line":24,"column":15}},"loc":{"start":{"line":24,"column":20},"end":{"line":24,"column":34}},"line":24},"5":{"name":"onPost","decl":{"start":{"line":26,"column":13},"end":{"line":26,"column":19}},"loc":{"start":{"line":26,"column":29},"end":{"line":38,"column":5}},"line":26},"6":{"name":"onAnswer","decl":{"start":{"line":40,"column":13},"end":{"line":40,"column":21}},"loc":{"start":{"line":40,"column":32},"end":{"line":51,"column":5}},"line":40},"7":{"name":"(anonymous_7)","decl":{"start":{"line":61,"column":31},"end":{"line":61,"column":32}},"loc":{"start":{"line":62,"column":24},"end":{"line":76,"column":30}},"line":62},"8":{"name":"(anonymous_8)","decl":{"start":{"line":68,"column":120},"end":{"line":68,"column":121}},"loc":{"start":{"line":68,"column":126},"end":{"line":68,"column":288}},"line":68}},"branchMap":{},"s":{"0":5,"1":4,"2":4,"3":0,"4":0,"5":0,"6":0,"7":0,"8":0,"9":0,"10":0,"11":0,"12":0,"13":0,"14":0},"f":{"0":5,"1":0,"2":0,"3":0,"4":0,"5":0,"6":0,"7":0,"8":0},"b":{},"_coverageSchema":"1a1c01bbd47fc00a2c39e90264f33305004495a9","hash":"4a51b06eec1c02205166088234f5d96db5183a4f"}
,"/home/s/Desktop/P/try/Sprint 3 demo/Wits_Overflow/src/components/AnswerT.js": {"path":"/home/s/Desktop/P/try/Sprint 3 demo/Wits_Overflow/src/components/AnswerT.js","statementMap":{"0":{"start":{"line":13,"column":13},"end":{"line":13,"column":25}},"1":{"start":{"line":19,"column":16},"end":{"line":74,"column":1}},"2":{"start":{"line":20,"column":19},"end":{"line":20,"column":27}},"3":{"start":{"line":22,"column":16},"end":{"line":22,"column":71}},"4":{"start":{"line":23,"column":16},"end":{"line":23,"column":29}},"5":{"start":{"line":24,"column":34},"end":{"line":24,"column":44}},"6":{"start":{"line":25,"column":36},"end":{"line":25,"column":48}},"7":{"start":{"line":26,"column":38},"end":{"line":26,"column":50}},"8":{"start":{"line":27,"column":32},"end":{"line":27,"column":44}},"9":{"start":{"line":28,"column":38},"end":{"line":28,"column":50}},"10":{"start":{"line":29,"column":26},"end":{"line":29,"column":38}},"11":{"start":{"line":31,"column":31},"end":{"line":31,"column":43}},"12":{"start":{"line":33,"column":4},"end":{"line":41,"column":10}},"13":{"start":{"line":34,"column":8},"end":{"line":39,"column":10}},"14":{"start":{"line":35,"column":12},"end":{"line":38,"column":13}},"15":{"start":{"line":36,"column":15},"end":{"line":36,"column":35}},"16":{"start":{"line":44,"column":16},"end":{"line":44,"column":29}},"17":{"start":{"line":46,"column":8},"end":{"line":52,"column":10}},"18":{"start":{"line":47,"column":12},"end":{"line":47,"column":54}},"19":{"start":{"line":49,"column":12},"end":{"line":49,"column":32}},"20":{"start":{"line":50,"column":12},"end":{"line":50,"column":29}},"21":{"start":{"line":51,"column":12},"end":{"line":51,"column":31}},"22":{"start":{"line":56,"column":4},"end":{"line":73,"column":5}},"23":{"start":{"line":59,"column":16},"end":{"line":59,"column":47}},"24":{"start":{"line":60,"column":16},"end":{"line":60,"column":50}},"25":{"start":{"line":61,"column":16},"end":{"line":61,"column":52}},"26":{"start":{"line":62,"column":16},"end":{"line":62,"column":46}},"27":{"start":{"line":63,"column":16},"end":{"line":63,"column":52}},"28":{"start":{"line":64,"column":16},"end":{"line":64,"column":41}},"29":{"start":{"line":70,"column":34},"end":{"line":70,"column":141}}},"fnMap":{"0":{"name":"(anonymous_0)","decl":{"start":{"line":19,"column":16},"end":{"line":19,"column":17}},"loc":{"start":{"line":19,"column":27},"end":{"line":74,"column":1}},"line":19},"1":{"name":"(anonymous_1)","decl":{"start":{"line":33,"column":14},"end":{"line":33,"column":15}},"loc":{"start":{"line":33,"column":20},"end":{"line":41,"column":5}},"line":33},"2":{"name":"(anonymous_2)","decl":{"start":{"line":34,"column":33},"end":{"line":34,"column":34}},"loc":{"start":{"line":34,"column":41},"end":{"line":39,"column":9}},"line":34},"3":{"name":"myAnswer","decl":{"start":{"line":45,"column":13},"end":{"line":45,"column":21}},"loc":{"start":{"line":45,"column":32},"end":{"line":54,"column":5}},"line":45},"4":{"name":"(anonymous_4)","decl":{"start":{"line":58,"column":69},"end":{"line":58,"column":70}},"loc":{"start":{"line":58,"column":80},"end":{"line":65,"column":13}},"line":58},"5":{"name":"(anonymous_5)","decl":{"start":{"line":70,"column":30},"end":{"line":70,"column":31}},"loc":{"start":{"line":70,"column":34},"end":{"line":70,"column":141}},"line":70}},"branchMap":{"0":{"loc":{"start":{"line":35,"column":12},"end":{"line":38,"column":13}},"type":"if","locations":[{"start":{"line":35,"column":12},"end":{"line":38,"column":13}},{"start":{},"end":{}}],"line":35},"1":{"loc":{"start":{"line":46,"column":8},"end":{"line":52,"column":10}},"type":"if","locations":[{"start":{"line":46,"column":8},"end":{"line":52,"column":10}},{"start":{"line":48,"column":14},"end":{"line":52,"column":10}}],"line":46}},"s":{"0":2,"1":2,"2":5,"3":5,"4":5,"5":0,"6":0,"7":0,"8":0,"9":0,"10":0,"11":0,"12":0,"13":0,"14":0,"15":0,"16":0,"17":0,"18":0,"19":0,"20":0,"21":0,"22":0,"23":0,"24":0,"25":0,"26":0,"27":0,"28":0,"29":0},"f":{"0":5,"1":0,"2":0,"3":0,"4":0,"5":0},"b":{"0":[0,0],"1":[0,0]},"_coverageSchema":"1a1c01bbd47fc00a2c39e90264f33305004495a9","hash":"4e3d5a5ad712014b998bbc6dbd01bdc91037c787"}
,"/home/s/Desktop/P/try/Sprint 3 demo/Wits_Overflow/src/components/MyPostsT.js": {"path":"/home/s/Desktop/P/try/Sprint 3 demo/Wits_Overflow/src/components/MyPostsT.js","statementMap":{"0":{"start":{"line":12,"column":13},"end":{"line":12,"column":25}},"1":{"start":{"line":18,"column":34},"end":{"line":18,"column":46}},"2":{"start":{"line":19,"column":26},"end":{"line":19,"column":38}},"3":{"start":{"line":21,"column":4},"end":{"line":27,"column":11}},"4":{"start":{"line":22,"column":8},"end":{"line":26,"column":10}},"5":{"start":{"line":23,"column":12},"end":{"line":25,"column":13}},"6":{"start":{"line":24,"column":16},"end":{"line":24,"column":31}},"7":{"start":{"line":29,"column":16},"end":{"line":29,"column":59}},"8":{"start":{"line":32,"column":8},"end":{"line":38,"column":10}},"9":{"start":{"line":33,"column":26},"end":{"line":33,"column":28}},"10":{"start":{"line":34,"column":12},"end":{"line":36,"column":15}},"11":{"start":{"line":35,"column":16},"end":{"line":35,"column":39}},"12":{"start":{"line":37,"column":12},"end":{"line":37,"column":30}},"13":{"start":{"line":41,"column":4},"end":{"line":43,"column":7}},"14":{"start":{"line":42,"column":8},"end":{"line":42,"column":21}},"15":{"start":{"line":45,"column":16},"end":{"line":45,"column":59}},"16":{"start":{"line":47,"column":8},"end":{"line":47,"column":52}},"17":{"start":{"line":48,"column":8},"end":{"line":48,"column":35}},"18":{"start":{"line":51,"column":8},"end":{"line":51,"column":52}},"19":{"start":{"line":52,"column":8},"end":{"line":52,"column":37}},"20":{"start":{"line":55,"column":4},"end":{"line":78,"column":5}},"21":{"start":{"line":60,"column":16},"end":{"line":75,"column":19}},"22":{"start":{"line":69,"column":74},"end":{"line":69,"column":268}},"23":{"start":{"line":70,"column":76},"end":{"line":70,"column":277}}},"fnMap":{"0":{"name":"MyPostsT","decl":{"start":{"line":17,"column":9},"end":{"line":17,"column":17}},"loc":{"start":{"line":17,"column":20},"end":{"line":79,"column":1}},"line":17},"1":{"name":"(anonymous_1)","decl":{"start":{"line":21,"column":14},"end":{"line":21,"column":15}},"loc":{"start":{"line":21,"column":20},"end":{"line":27,"column":5}},"line":21},"2":{"name":"(anonymous_2)","decl":{"start":{"line":22,"column":33},"end":{"line":22,"column":34}},"loc":{"start":{"line":22,"column":43},"end":{"line":26,"column":9}},"line":22},"3":{"name":"getMyPosts","decl":{"start":{"line":31,"column":13},"end":{"line":31,"column":23}},"loc":{"start":{"line":31,"column":26},"end":{"line":39,"column":5}},"line":31},"4":{"name":"(anonymous_4)","decl":{"start":{"line":32,"column":49},"end":{"line":32,"column":50}},"loc":{"start":{"line":32,"column":68},"end":{"line":38,"column":9}},"line":32},"5":{"name":"(anonymous_5)","decl":{"start":{"line":34,"column":34},"end":{"line":34,"column":35}},"loc":{"start":{"line":34,"column":43},"end":{"line":36,"column":13}},"line":34},"6":{"name":"(anonymous_6)","decl":{"start":{"line":41,"column":14},"end":{"line":41,"column":15}},"loc":{"start":{"line":41,"column":20},"end":{"line":43,"column":5}},"line":41},"7":{"name":"uCorrect","decl":{"start":{"line":46,"column":13},"end":{"line":46,"column":21}},"loc":{"start":{"line":46,"column":33},"end":{"line":49,"column":5}},"line":46},"8":{"name":"uNotCorrect","decl":{"start":{"line":50,"column":13},"end":{"line":50,"column":24}},"loc":{"start":{"line":50,"column":36},"end":{"line":53,"column":5}},"line":50},"9":{"name":"(anonymous_9)","decl":{"start":{"line":59,"column":25},"end":{"line":59,"column":26}},"loc":{"start":{"line":60,"column":16},"end":{"line":75,"column":19}},"line":60},"10":{"name":"(anonymous_10)","decl":{"start":{"line":69,"column":68},"end":{"line":69,"column":69}},"loc":{"start":{"line":69,"column":74},"end":{"line":69,"column":268}},"line":69},"11":{"name":"(anonymous_11)","decl":{"start":{"line":70,"column":70},"end":{"line":70,"column":71}},"loc":{"start":{"line":70,"column":76},"end":{"line":70,"column":277}},"line":70}},"branchMap":{"0":{"loc":{"start":{"line":23,"column":12},"end":{"line":25,"column":13}},"type":"if","locations":[{"start":{"line":23,"column":12},"end":{"line":25,"column":13}},{"start":{},"end":{}}],"line":23}},"s":{"0":2,"1":2,"2":1,"3":1,"4":1,"5":1,"6":0,"7":1,"8":1,"9":0,"10":0,"11":0,"12":0,"13":1,"14":1,"15":1,"16":0,"17":0,"18":0,"19":0,"20":1,"21":0,"22":0,"23":0},"f":{"0":2,"1":1,"2":1,"3":1,"4":0,"5":0,"6":1,"7":0,"8":0,"9":0,"10":0,"11":0},"b":{"0":[0,1]},"_coverageSchema":"1a1c01bbd47fc00a2c39e90264f33305004495a9","hash":"0dd5d11e31f235a3acfff471284aa586b691c983"}
,"/home/s/Desktop/P/try/Sprint 3 demo/Wits_Overflow/src/components/PostsT.js": {"path":"/home/s/Desktop/P/try/Sprint 3 demo/Wits_Overflow/src/components/PostsT.js","statementMap":{"0":{"start":{"line":12,"column":13},"end":{"line":12,"column":25}},"1":{"start":{"line":15,"column":36},"end":{"line":15,"column":48}},"2":{"start":{"line":16,"column":38},"end":{"line":16,"column":50}},"3":{"start":{"line":17,"column":32},"end":{"line":17,"column":44}},"4":{"start":{"line":18,"column":38},"end":{"line":18,"column":50}},"5":{"start":{"line":19,"column":26},"end":{"line":19,"column":38}},"6":{"start":{"line":23,"column":4},"end":{"line":32,"column":10}},"7":{"start":{"line":24,"column":8},"end":{"line":30,"column":10}},"8":{"start":{"line":25,"column":12},"end":{"line":29,"column":13}},"9":{"start":{"line":26,"column":15},"end":{"line":26,"column":32}},"10":{"start":{"line":27,"column":15},"end":{"line":27,"column":37}},"11":{"start":{"line":28,"column":15},"end":{"line":28,"column":46}},"12":{"start":{"line":34,"column":16},"end":{"line":34,"column":60}},"13":{"start":{"line":37,"column":8},"end":{"line":37,"column":29}},"14":{"start":{"line":38,"column":8},"end":{"line":38,"column":26}},"15":{"start":{"line":39,"column":8},"end":{"line":39,"column":33}},"16":{"start":{"line":43,"column":4},"end":{"line":57,"column":11}},"17":{"start":{"line":48,"column":102},"end":{"line":48,"column":132}},"18":{"start":{"line":52,"column":104},"end":{"line":52,"column":135}},"19":{"start":{"line":55,"column":65},"end":{"line":55,"column":152}}},"fnMap":{"0":{"name":"PostsT","decl":{"start":{"line":14,"column":9},"end":{"line":14,"column":15}},"loc":{"start":{"line":14,"column":17},"end":{"line":58,"column":1}},"line":14},"1":{"name":"(anonymous_1)","decl":{"start":{"line":23,"column":14},"end":{"line":23,"column":15}},"loc":{"start":{"line":23,"column":20},"end":{"line":32,"column":5}},"line":23},"2":{"name":"(anonymous_2)","decl":{"start":{"line":24,"column":33},"end":{"line":24,"column":34}},"loc":{"start":{"line":24,"column":41},"end":{"line":30,"column":9}},"line":24},"3":{"name":"handleAddPost","decl":{"start":{"line":36,"column":13},"end":{"line":36,"column":26}},"loc":{"start":{"line":36,"column":37},"end":{"line":40,"column":5}},"line":36},"4":{"name":"(anonymous_4)","decl":{"start":{"line":48,"column":91},"end":{"line":48,"column":92}},"loc":{"start":{"line":48,"column":102},"end":{"line":48,"column":132}},"line":48},"5":{"name":"(anonymous_5)","decl":{"start":{"line":52,"column":93},"end":{"line":52,"column":94}},"loc":{"start":{"line":52,"column":104},"end":{"line":52,"column":135}},"line":52},"6":{"name":"(anonymous_6)","decl":{"start":{"line":55,"column":59},"end":{"line":55,"column":60}},"loc":{"start":{"line":55,"column":65},"end":{"line":55,"column":152}},"line":55}},"branchMap":{"0":{"loc":{"start":{"line":25,"column":12},"end":{"line":29,"column":13}},"type":"if","locations":[{"start":{"line":25,"column":12},"end":{"line":29,"column":13}},{"start":{},"end":{}}],"line":25}},"s":{"0":2,"1":1,"2":1,"3":1,"4":1,"5":1,"6":1,"7":1,"8":1,"9":0,"10":0,"11":0,"12":1,"13":0,"14":0,"15":0,"16":1,"17":0,"18":0,"19":0},"f":{"0":1,"1":1,"2":1,"3":0,"4":0,"5":0,"6":0},"b":{"0":[0,1]},"_coverageSchema":"1a1c01bbd47fc00a2c39e90264f33305004495a9","hash":"6404c2d37892f84ef83a0d364f7b16cddbc34de0"}
,"/home/s/Desktop/P/try/Sprint 3 demo/Wits_Overflow/src/components/auth.js": {"path":"/home/s/Desktop/P/try/Sprint 3 demo/Wits_Overflow/src/components/auth.js","statementMap":{"0":{"start":{"line":5,"column":13},"end":{"line":18,"column":1}},"1":{"start":{"line":6,"column":28},"end":{"line":6,"column":43}},"2":{"start":{"line":7,"column":22},"end":{"line":9,"column":3}},"3":{"start":{"line":8,"column":4},"end":{"line":8,"column":40}},"4":{"start":{"line":8,"column":28},"end":{"line":8,"column":38}},"5":{"start":{"line":10,"column":2},"end":{"line":17,"column":4}}},"fnMap":{"0":{"name":"(anonymous_0)","decl":{"start":{"line":5,"column":13},"end":{"line":5,"column":14}},"loc":{"start":{"line":5,"column":19},"end":{"line":18,"column":1}},"line":5},"1":{"name":"(anonymous_1)","decl":{"start":{"line":7,"column":22},"end":{"line":7,"column":23}},"loc":{"start":{"line":7,"column":28},"end":{"line":9,"column":3}},"line":7},"2":{"name":"(anonymous_2)","decl":{"start":{"line":8,"column":13},"end":{"line":8,"column":14}},"loc":{"start":{"line":8,"column":28},"end":{"line":8,"column":38}},"line":8}},"branchMap":{"0":{"loc":{"start":{"line":12,"column":7},"end":{"line":12,"column":39}},"type":"cond-expr","locations":[{"start":{"line":12,"column":16},"end":{"line":12,"column":26}},{"start":{"line":12,"column":29},"end":{"line":12,"column":39}}],"line":12},"1":{"loc":{"start":{"line":14,"column":9},"end":{"line":14,"column":67}},"type":"cond-expr","locations":[{"start":{"line":14,"column":18},"end":{"line":14,"column":38}},{"start":{"line":14,"column":41},"end":{"line":14,"column":67}}],"line":14}},"s":{"0":2,"1":2,"2":2,"3":0,"4":0,"5":2},"f":{"0":2,"1":0,"2":0},"b":{"0":[2,0],"1":[2,0]},"_coverageSchema":"1a1c01bbd47fc00a2c39e90264f33305004495a9","hash":"0a108441d80f44b8f7e32682a750aad804feb57e"}
,"/home/s/Desktop/P/try/Sprint 3 demo/Wits_Overflow/src/components/dashboard.js": {"path":"/home/s/Desktop/P/try/Sprint 3 demo/Wits_Overflow/src/components/dashboard.js","statementMap":{"0":{"start":{"line":6,"column":18},"end":{"line":12,"column":1}},"1":{"start":{"line":7,"column":2},"end":{"line":11,"column":4}}},"fnMap":{"0":{"name":"(anonymous_0)","decl":{"start":{"line":6,"column":18},"end":{"line":6,"column":19}},"loc":{"start":{"line":6,"column":24},"end":{"line":12,"column":1}},"line":6}},"branchMap":{},"s":{"0":2,"1":1},"f":{"0":1},"b":{},"_coverageSchema":"1a1c01bbd47fc00a2c39e90264f33305004495a9","hash":"cddd750c75462f314d816d432b5075d4178090fc"}
,"/home/s/Desktop/P/try/Sprint 3 demo/Wits_Overflow/src/components/navbar.jsx": {"path":"/home/s/Desktop/P/try/Sprint 3 demo/Wits_Overflow/src/components/navbar.jsx","statementMap":{"0":{"start":{"line":11,"column":25},"end":{"line":11,"column":41}},"1":{"start":{"line":12,"column":30},"end":{"line":12,"column":51}},"2":{"start":{"line":13,"column":26},"end":{"line":13,"column":50}},"3":{"start":{"line":14,"column":20},"end":{"line":23,"column":3}},"4":{"start":{"line":15,"column":4},"end":{"line":17,"column":34}},"5":{"start":{"line":16,"column":6},"end":{"line":16,"column":41}},"6":{"start":{"line":17,"column":11},"end":{"line":17,"column":34}},"7":{"start":{"line":20,"column":4},"end":{"line":22,"column":35}},"8":{"start":{"line":21,"column":6},"end":{"line":21,"column":37}},"9":{"start":{"line":22,"column":11},"end":{"line":22,"column":35}},"10":{"start":{"line":24,"column":2},"end":{"line":75,"column":4}}},"fnMap":{"0":{"name":"Navbar","decl":{"start":{"line":10,"column":9},"end":{"line":10,"column":15}},"loc":{"start":{"line":10,"column":18},"end":{"line":76,"column":1}},"line":10},"1":{"name":"(anonymous_1)","decl":{"start":{"line":14,"column":20},"end":{"line":14,"column":21}},"loc":{"start":{"line":14,"column":26},"end":{"line":23,"column":3}},"line":14}},"branchMap":{"0":{"loc":{"start":{"line":15,"column":4},"end":{"line":17,"column":34}},"type":"if","locations":[{"start":{"line":15,"column":4},"end":{"line":17,"column":34}},{"start":{"line":17,"column":11},"end":{"line":17,"column":34}}],"line":15},"1":{"loc":{"start":{"line":20,"column":4},"end":{"line":22,"column":35}},"type":"if","locations":[{"start":{"line":20,"column":4},"end":{"line":22,"column":35}},{"start":{"line":22,"column":11},"end":{"line":22,"column":35}}],"line":20}},"s":{"0":2,"1":2,"2":2,"3":2,"4":0,"5":0,"6":0,"7":0,"8":0,"9":0,"10":2},"f":{"0":2,"1":0},"b":{"0":[0,0],"1":[0,0]},"_coverageSchema":"1a1c01bbd47fc00a2c39e90264f33305004495a9","hash":"2b933f6035ab4f09afcc4aa64eeadf36140dd24e"}
,"/home/s/Desktop/P/try/Sprint 3 demo/Wits_Overflow/src/components/postDetails.js": {"path":"/home/s/Desktop/P/try/Sprint 3 demo/Wits_Overflow/src/components/postDetails.js","statementMap":{"0":{"start":{"line":13,"column":13},"end":{"line":13,"column":25}},"1":{"start":{"line":15,"column":20},"end":{"line":129,"column":1}},"2":{"start":{"line":17,"column":19},"end":{"line":17,"column":27}},"3":{"start":{"line":19,"column":16},"end":{"line":19,"column":71}},"4":{"start":{"line":21,"column":29},"end":{"line":21,"column":39}},"5":{"start":{"line":22,"column":36},"end":{"line":22,"column":46}},"6":{"start":{"line":23,"column":34},"end":{"line":23,"column":44}},"7":{"start":{"line":24,"column":36},"end":{"line":24,"column":48}},"8":{"start":{"line":25,"column":38},"end":{"line":25,"column":50}},"9":{"start":{"line":26,"column":32},"end":{"line":26,"column":44}},"10":{"start":{"line":27,"column":38},"end":{"line":27,"column":50}},"11":{"start":{"line":28,"column":26},"end":{"line":28,"column":38}},"12":{"start":{"line":29,"column":30},"end":{"line":29,"column":42}},"13":{"start":{"line":30,"column":31},"end":{"line":30,"column":43}},"14":{"start":{"line":32,"column":36},"end":{"line":32,"column":48}},"15":{"start":{"line":34,"column":47},"end":{"line":34,"column":59}},"16":{"start":{"line":36,"column":4},"end":{"line":55,"column":10}},"17":{"start":{"line":37,"column":8},"end":{"line":53,"column":10}},"18":{"start":{"line":38,"column":12},"end":{"line":52,"column":13}},"19":{"start":{"line":39,"column":16},"end":{"line":39,"column":35}},"20":{"start":{"line":41,"column":16},"end":{"line":41,"column":42}},"21":{"start":{"line":44,"column":16},"end":{"line":44,"column":49}},"22":{"start":{"line":45,"column":16},"end":{"line":45,"column":51}},"23":{"start":{"line":46,"column":16},"end":{"line":46,"column":45}},"24":{"start":{"line":47,"column":16},"end":{"line":47,"column":51}},"25":{"start":{"line":48,"column":16},"end":{"line":48,"column":40}},"26":{"start":{"line":49,"column":16},"end":{"line":49,"column":45}},"27":{"start":{"line":50,"column":16},"end":{"line":50,"column":41}},"28":{"start":{"line":51,"column":16},"end":{"line":51,"column":29}},"29":{"start":{"line":58,"column":21},"end":{"line":58,"column":64}},"30":{"start":{"line":60,"column":8},"end":{"line":66,"column":11}},"31":{"start":{"line":61,"column":26},"end":{"line":61,"column":28}},"32":{"start":{"line":62,"column":12},"end":{"line":64,"column":15}},"33":{"start":{"line":63,"column":16},"end":{"line":63,"column":39}},"34":{"start":{"line":65,"column":12},"end":{"line":65,"column":36}},"35":{"start":{"line":70,"column":8},"end":{"line":76,"column":9}},"36":{"start":{"line":71,"column":12},"end":{"line":71,"column":53}},"37":{"start":{"line":73,"column":12},"end":{"line":73,"column":31}},"38":{"start":{"line":74,"column":12},"end":{"line":74,"column":28}},"39":{"start":{"line":75,"column":12},"end":{"line":75,"column":25}},"40":{"start":{"line":78,"column":4},"end":{"line":78,"column":44}},"41":{"start":{"line":80,"column":16},"end":{"line":80,"column":29}},"42":{"start":{"line":81,"column":4},"end":{"line":128,"column":6}},"43":{"start":{"line":101,"column":28},"end":{"line":113,"column":34}},"44":{"start":{"line":120,"column":28},"end":{"line":120,"column":58}},"45":{"start":{"line":123,"column":83},"end":{"line":123,"column":227}}},"fnMap":{"0":{"name":"(anonymous_0)","decl":{"start":{"line":15,"column":20},"end":{"line":15,"column":21}},"loc":{"start":{"line":15,"column":31},"end":{"line":129,"column":1}},"line":15},"1":{"name":"(anonymous_1)","decl":{"start":{"line":36,"column":14},"end":{"line":36,"column":15}},"loc":{"start":{"line":36,"column":20},"end":{"line":55,"column":5}},"line":36},"2":{"name":"(anonymous_2)","decl":{"start":{"line":37,"column":33},"end":{"line":37,"column":34}},"loc":{"start":{"line":37,"column":43},"end":{"line":53,"column":9}},"line":37},"3":{"name":"Pulling","decl":{"start":{"line":57,"column":13},"end":{"line":57,"column":20}},"loc":{"start":{"line":57,"column":27},"end":{"line":67,"column":5}},"line":57},"4":{"name":"(anonymous_4)","decl":{"start":{"line":60,"column":50},"end":{"line":60,"column":51}},"loc":{"start":{"line":60,"column":69},"end":{"line":66,"column":9}},"line":60},"5":{"name":"(anonymous_5)","decl":{"start":{"line":62,"column":34},"end":{"line":62,"column":35}},"loc":{"start":{"line":62,"column":43},"end":{"line":64,"column":13}},"line":62},"6":{"name":"myAnswer","decl":{"start":{"line":69,"column":13},"end":{"line":69,"column":21}},"loc":{"start":{"line":69,"column":33},"end":{"line":77,"column":5}},"line":69},"7":{"name":"(anonymous_7)","decl":{"start":{"line":99,"column":44},"end":{"line":99,"column":45}},"loc":{"start":{"line":101,"column":28},"end":{"line":113,"column":34}},"line":101},"8":{"name":"(anonymous_8)","decl":{"start":{"line":119,"column":97},"end":{"line":119,"column":98}},"loc":{"start":{"line":119,"column":108},"end":{"line":122,"column":25}},"line":119},"9":{"name":"(anonymous_9)","decl":{"start":{"line":123,"column":77},"end":{"line":123,"column":78}},"loc":{"start":{"line":123,"column":83},"end":{"line":123,"column":227}},"line":123}},"branchMap":{"0":{"loc":{"start":{"line":38,"column":12},"end":{"line":52,"column":13}},"type":"if","locations":[{"start":{"line":38,"column":12},"end":{"line":52,"column":13}},{"start":{},"end":{}}],"line":38},"1":{"loc":{"start":{"line":70,"column":8},"end":{"line":76,"column":9}},"type":"if","locations":[{"start":{"line":70,"column":8},"end":{"line":76,"column":9}},{"start":{"line":72,"column":15},"end":{"line":76,"column":9}}],"line":70}},"s":{"0":2,"1":2,"2":5,"3":5,"4":5,"5":4,"6":4,"7":4,"8":4,"9":4,"10":4,"11":4,"12":4,"13":4,"14":4,"15":4,"16":4,"17":0,"18":0,"19":0,"20":0,"21":0,"22":0,"23":0,"24":0,"25":0,"26":0,"27":0,"28":0,"29":0,"30":0,"31":0,"32":0,"33":0,"34":0,"35":0,"36":0,"37":0,"38":0,"39":0,"40":4,"41":4,"42":0,"43":0,"44":0,"45":0},"f":{"0":5,"1":0,"2":0,"3":0,"4":0,"5":0,"6":0,"7":0,"8":0,"9":0},"b":{"0":[0,0],"1":[0,0]},"_coverageSchema":"1a1c01bbd47fc00a2c39e90264f33305004495a9","hash":"006d4116a16363f75c32694eda71d072685e1447"}
,"/home/s/Desktop/P/try/Sprint 3 demo/Wits_Overflow/src/components/profile.js": {"path":"/home/s/Desktop/P/try/Sprint 3 demo/Wits_Overflow/src/components/profile.js","statementMap":{"0":{"start":{"line":12,"column":13},"end":{"line":12,"column":25}},"1":{"start":{"line":15,"column":16},"end":{"line":96,"column":1}},"2":{"start":{"line":16,"column":38},"end":{"line":16,"column":50}},"3":{"start":{"line":17,"column":26},"end":{"line":17,"column":38}},"4":{"start":{"line":18,"column":32},"end":{"line":18,"column":44}},"5":{"start":{"line":21,"column":4},"end":{"line":30,"column":7}},"6":{"start":{"line":22,"column":8},"end":{"line":28,"column":10}},"7":{"start":{"line":23,"column":12},"end":{"line":27,"column":13}},"8":{"start":{"line":24,"column":15},"end":{"line":24,"column":30}},"9":{"start":{"line":25,"column":15},"end":{"line":25,"column":37}},"10":{"start":{"line":26,"column":15},"end":{"line":26,"column":46}},"11":{"start":{"line":32,"column":31},"end":{"line":32,"column":43}},"12":{"start":{"line":33,"column":14},"end":{"line":33,"column":54}},"13":{"start":{"line":36,"column":5},"end":{"line":42,"column":7}},"14":{"start":{"line":37,"column":23},"end":{"line":37,"column":25}},"15":{"start":{"line":38,"column":9},"end":{"line":40,"column":12}},"16":{"start":{"line":39,"column":13},"end":{"line":39,"column":36}},"17":{"start":{"line":41,"column":9},"end":{"line":41,"column":27}},"18":{"start":{"line":45,"column":1},"end":{"line":47,"column":4}},"19":{"start":{"line":46,"column":5},"end":{"line":46,"column":18}},"20":{"start":{"line":51,"column":16},"end":{"line":51,"column":29}},"21":{"start":{"line":52,"column":46},"end":{"line":52,"column":60}},"22":{"start":{"line":54,"column":23},"end":{"line":56,"column":5}},"23":{"start":{"line":55,"column":8},"end":{"line":55,"column":16}},"24":{"start":{"line":58,"column":4},"end":{"line":95,"column":6}},"25":{"start":{"line":81,"column":20},"end":{"line":90,"column":26}}},"fnMap":{"0":{"name":"(anonymous_0)","decl":{"start":{"line":15,"column":16},"end":{"line":15,"column":17}},"loc":{"start":{"line":15,"column":22},"end":{"line":96,"column":1}},"line":15},"1":{"name":"(anonymous_1)","decl":{"start":{"line":21,"column":14},"end":{"line":21,"column":15}},"loc":{"start":{"line":21,"column":20},"end":{"line":30,"column":2}},"line":21},"2":{"name":"(anonymous_2)","decl":{"start":{"line":22,"column":33},"end":{"line":22,"column":34}},"loc":{"start":{"line":22,"column":41},"end":{"line":28,"column":9}},"line":22},"3":{"name":"getProfile","decl":{"start":{"line":35,"column":10},"end":{"line":35,"column":20}},"loc":{"start":{"line":35,"column":23},"end":{"line":43,"column":2}},"line":35},"4":{"name":"(anonymous_4)","decl":{"start":{"line":36,"column":93},"end":{"line":36,"column":94}},"loc":{"start":{"line":36,"column":112},"end":{"line":42,"column":6}},"line":36},"5":{"name":"(anonymous_5)","decl":{"start":{"line":38,"column":31},"end":{"line":38,"column":32}},"loc":{"start":{"line":38,"column":40},"end":{"line":40,"column":10}},"line":38},"6":{"name":"(anonymous_6)","decl":{"start":{"line":45,"column":11},"end":{"line":45,"column":12}},"loc":{"start":{"line":45,"column":17},"end":{"line":47,"column":2}},"line":45},"7":{"name":"(anonymous_7)","decl":{"start":{"line":54,"column":23},"end":{"line":54,"column":24}},"loc":{"start":{"line":54,"column":29},"end":{"line":56,"column":5}},"line":54},"8":{"name":"(anonymous_8)","decl":{"start":{"line":80,"column":30},"end":{"line":80,"column":31}},"loc":{"start":{"line":81,"column":20},"end":{"line":90,"column":26}},"line":81}},"branchMap":{"0":{"loc":{"start":{"line":23,"column":12},"end":{"line":27,"column":13}},"type":"if","locations":[{"start":{"line":23,"column":12},"end":{"line":27,"column":13}},{"start":{},"end":{}}],"line":23}},"s":{"0":2,"1":2,"2":5,"3":4,"4":4,"5":4,"6":0,"7":0,"8":0,"9":0,"10":0,"11":4,"12":4,"13":0,"14":0,"15":0,"16":0,"17":0,"18":4,"19":0,"20":4,"21":0,"22":0,"23":0,"24":0,"25":0},"f":{"0":5,"1":0,"2":0,"3":0,"4":0,"5":0,"6":0,"7":0,"8":0},"b":{"0":[0,0]},"_coverageSchema":"1a1c01bbd47fc00a2c39e90264f33305004495a9","hash":"c334c02822bd8af6d15339cded8dff45cf315937"}
,"/home/s/Desktop/P/try/Sprint 3 demo/Wits_Overflow/src/components/resestPass.js": {"path":"/home/s/Desktop/P/try/Sprint 3 demo/Wits_Overflow/src/components/resestPass.js","statementMap":{"0":{"start":{"line":4,"column":14},"end":{"line":27,"column":1}},"1":{"start":{"line":5,"column":21},"end":{"line":5,"column":29}},"2":{"start":{"line":6,"column":31},"end":{"line":6,"column":47}},"3":{"start":{"line":8,"column":21},"end":{"line":15,"column":5}},"4":{"start":{"line":9,"column":8},"end":{"line":9,"column":27}},"5":{"start":{"line":10,"column":22},"end":{"line":10,"column":44}},"6":{"start":{"line":11,"column":8},"end":{"line":14,"column":9}},"7":{"start":{"line":12,"column":10},"end":{"line":12,"column":32}},"8":{"start":{"line":17,"column":4},"end":{"line":26,"column":6}}},"fnMap":{"0":{"name":"(anonymous_0)","decl":{"start":{"line":4,"column":14},"end":{"line":4,"column":15}},"loc":{"start":{"line":4,"column":20},"end":{"line":27,"column":1}},"line":4},"1":{"name":"(anonymous_1)","decl":{"start":{"line":8,"column":21},"end":{"line":8,"column":22}},"loc":{"start":{"line":8,"column":28},"end":{"line":15,"column":5}},"line":8}},"branchMap":{"0":{"loc":{"start":{"line":11,"column":8},"end":{"line":14,"column":9}},"type":"if","locations":[{"start":{"line":11,"column":8},"end":{"line":14,"column":9}},{"start":{},"end":{}}],"line":11}},"s":{"0":2,"1":0,"2":0,"3":0,"4":0,"5":0,"6":0,"7":0,"8":0},"f":{"0":0,"1":0},"b":{"0":[0,0]},"_coverageSchema":"1a1c01bbd47fc00a2c39e90264f33305004495a9","hash":"e1e6a007ead9dd36fb81f6c90e001ec7b857c6f1"}
,"/home/s/Desktop/P/try/Sprint 3 demo/Wits_Overflow/src/components/resetPassword.js": {"path":"/home/s/Desktop/P/try/Sprint 3 demo/Wits_Overflow/src/components/resetPassword.js","statementMap":{"0":{"start":{"line":6,"column":12},"end":{"line":9,"column":5}},"1":{"start":{"line":11,"column":19},"end":{"line":15,"column":5}},"2":{"start":{"line":12,"column":8},"end":{"line":12,"column":27}},"3":{"start":{"line":14,"column":8},"end":{"line":14,"column":46}},"4":{"start":{"line":17,"column":19},"end":{"line":21,"column":5}},"5":{"start":{"line":18,"column":8},"end":{"line":20,"column":10}},"6":{"start":{"line":25,"column":8},"end":{"line":36,"column":10}},"7":{"start":{"line":41,"column":24},"end":{"line":45,"column":1}},"8":{"start":{"line":42,"column":4},"end":{"line":44,"column":5}},"9":{"start":{"line":47,"column":27},"end":{"line":52,"column":1}},"10":{"start":{"line":48,"column":4},"end":{"line":50,"column":5}},"11":{"start":{"line":49,"column":35},"end":{"line":49,"column":66}}},"fnMap":{"0":{"name":"(anonymous_0)","decl":{"start":{"line":11,"column":19},"end":{"line":11,"column":20}},"loc":{"start":{"line":11,"column":26},"end":{"line":15,"column":5}},"line":11},"1":{"name":"(anonymous_1)","decl":{"start":{"line":17,"column":19},"end":{"line":17,"column":20}},"loc":{"start":{"line":17,"column":26},"end":{"line":21,"column":5}},"line":17},"2":{"name":"(anonymous_2)","decl":{"start":{"line":23,"column":4},"end":{"line":23,"column":5}},"loc":{"start":{"line":23,"column":12},"end":{"line":37,"column":5}},"line":23},"3":{"name":"(anonymous_3)","decl":{"start":{"line":41,"column":24},"end":{"line":41,"column":25}},"loc":{"start":{"line":41,"column":35},"end":{"line":45,"column":1}},"line":41},"4":{"name":"(anonymous_4)","decl":{"start":{"line":47,"column":27},"end":{"line":47,"column":28}},"loc":{"start":{"line":47,"column":41},"end":{"line":52,"column":1}},"line":47},"5":{"name":"(anonymous_5)","decl":{"start":{"line":49,"column":24},"end":{"line":49,"column":25}},"loc":{"start":{"line":49,"column":35},"end":{"line":49,"column":66}},"line":49}},"branchMap":{},"s":{"0":0,"1":0,"2":0,"3":0,"4":0,"5":0,"6":0,"7":1,"8":0,"9":1,"10":0,"11":0},"f":{"0":0,"1":0,"2":0,"3":0,"4":0,"5":0},"b":{},"_coverageSchema":"1a1c01bbd47fc00a2c39e90264f33305004495a9","hash":"71b3c129f8459df808d2d30507170e280980d1fc"}
,"/home/s/Desktop/P/try/Sprint 3 demo/Wits_Overflow/src/components/setupTests.js": {"path":"/home/s/Desktop/P/try/Sprint 3 demo/Wits_Overflow/src/components/setupTests.js","statementMap":{"0":{"start":{"line":1,"column":25},"end":{"line":6,"column":1}},"1":{"start":{"line":7,"column":0},"end":{"line":7,"column":39}}},"fnMap":{},"branchMap":{},"s":{"0":0,"1":0},"f":{},"b":{}}
,"/home/s/Desktop/P/try/Sprint 3 demo/Wits_Overflow/src/components/signin.js": {"path":"/home/s/Desktop/P/try/Sprint 3 demo/Wits_Overflow/src/components/signin.js","statementMap":{"0":{"start":{"line":5,"column":15},"end":{"line":30,"column":1}},"1":{"start":{"line":6,"column":19},"end":{"line":6,"column":27}},"2":{"start":{"line":7,"column":22},"end":{"line":7,"column":30}},"3":{"start":{"line":8,"column":25},"end":{"line":8,"column":41}},"4":{"start":{"line":10,"column":19},"end":{"line":15,"column":3}},"5":{"start":{"line":11,"column":4},"end":{"line":11,"column":23}},"6":{"start":{"line":12,"column":18},"end":{"line":12,"column":40}},"7":{"start":{"line":13,"column":21},"end":{"line":13,"column":46}},"8":{"start":{"line":14,"column":4},"end":{"line":14,"column":55}},"9":{"start":{"line":14,"column":27},"end":{"line":14,"column":55}},"10":{"start":{"line":17,"column":2},"end":{"line":29,"column":4}}},"fnMap":{"0":{"name":"(anonymous_0)","decl":{"start":{"line":5,"column":15},"end":{"line":5,"column":16}},"loc":{"start":{"line":5,"column":21},"end":{"line":30,"column":1}},"line":5},"1":{"name":"(anonymous_1)","decl":{"start":{"line":10,"column":19},"end":{"line":10,"column":20}},"loc":{"start":{"line":10,"column":26},"end":{"line":15,"column":3}},"line":10}},"branchMap":{"0":{"loc":{"start":{"line":14,"column":4},"end":{"line":14,"column":55}},"type":"if","locations":[{"start":{"line":14,"column":4},"end":{"line":14,"column":55}},{"start":{},"end":{}}],"line":14},"1":{"loc":{"start":{"line":14,"column":8},"end":{"line":14,"column":25}},"type":"binary-expr","locations":[{"start":{"line":14,"column":8},"end":{"line":14,"column":13}},{"start":{"line":14,"column":17},"end":{"line":14,"column":25}}],"line":14}},"s":{"0":3,"1":3,"2":3,"3":3,"4":3,"5":0,"6":0,"7":0,"8":0,"9":0,"10":3},"f":{"0":3,"1":0},"b":{"0":[0,0],"1":[0,0]},"_coverageSchema":"1a1c01bbd47fc00a2c39e90264f33305004495a9","hash":"bb5bb47af3838d97d01445500f3eab92d644fc7f"}
,"/home/s/Desktop/P/try/Sprint 3 demo/Wits_Overflow/src/components/signup.js": {"path":"/home/s/Desktop/P/try/Sprint 3 demo/Wits_Overflow/src/components/signup.js","statementMap":{"0":{"start":{"line":8,"column":15},"end":{"line":63,"column":1}},"1":{"start":{"line":10,"column":27},"end":{"line":10,"column":43}},"2":{"start":{"line":13,"column":39},"end":{"line":13,"column":51}},"3":{"start":{"line":14,"column":37},"end":{"line":14,"column":49}},"4":{"start":{"line":15,"column":41},"end":{"line":15,"column":53}},"5":{"start":{"line":16,"column":31},"end":{"line":16,"column":43}},"6":{"start":{"line":17,"column":37},"end":{"line":17,"column":49}},"7":{"start":{"line":18,"column":37},"end":{"line":18,"column":49}},"8":{"start":{"line":19,"column":47},"end":{"line":19,"column":59}},"9":{"start":{"line":21,"column":14},"end":{"line":21,"column":54}},"10":{"start":{"line":26,"column":7},"end":{"line":44,"column":8}},"11":{"start":{"line":27,"column":8},"end":{"line":27,"column":32}},"12":{"start":{"line":28,"column":13},"end":{"line":44,"column":8}},"13":{"start":{"line":29,"column":8},"end":{"line":29,"column":33}},"14":{"start":{"line":30,"column":13},"end":{"line":44,"column":8}},"15":{"start":{"line":31,"column":8},"end":{"line":31,"column":33}},"16":{"start":{"line":32,"column":13},"end":{"line":44,"column":8}},"17":{"start":{"line":33,"column":8},"end":{"line":33,"column":54}},"18":{"start":{"line":34,"column":13},"end":{"line":44,"column":8}},"19":{"start":{"line":35,"column":8},"end":{"line":35,"column":66}},"20":{"start":{"line":36,"column":13},"end":{"line":44,"column":8}},"21":{"start":{"line":37,"column":8},"end":{"line":37,"column":87}},"22":{"start":{"line":39,"column":8},"end":{"line":39,"column":57}},"23":{"start":{"line":40,"column":8},"end":{"line":40,"column":29}},"24":{"start":{"line":41,"column":8},"end":{"line":41,"column":26}},"25":{"start":{"line":42,"column":8},"end":{"line":42,"column":28}},"26":{"start":{"line":47,"column":1},"end":{"line":62,"column":2}},"27":{"start":{"line":51,"column":97},"end":{"line":51,"column":129}},"28":{"start":{"line":52,"column":94},"end":{"line":52,"column":125}},"29":{"start":{"line":53,"column":98},"end":{"line":53,"column":129}},"30":{"start":{"line":54,"column":92},"end":{"line":54,"column":125}},"31":{"start":{"line":55,"column":104},"end":{"line":55,"column":132}},"32":{"start":{"line":56,"column":96},"end":{"line":56,"column":127}},"33":{"start":{"line":57,"column":101},"end":{"line":57,"column":139}},"34":{"start":{"line":58,"column":43},"end":{"line":58,"column":175}}},"fnMap":{"0":{"name":"(anonymous_0)","decl":{"start":{"line":8,"column":15},"end":{"line":8,"column":16}},"loc":{"start":{"line":8,"column":21},"end":{"line":63,"column":1}},"line":8},"1":{"name":"handleSubmit","decl":{"start":{"line":24,"column":12},"end":{"line":24,"column":24}},"loc":{"start":{"line":24,"column":35},"end":{"line":45,"column":3}},"line":24},"2":{"name":"(anonymous_2)","decl":{"start":{"line":51,"column":86},"end":{"line":51,"column":87}},"loc":{"start":{"line":51,"column":97},"end":{"line":51,"column":129}},"line":51},"3":{"name":"(anonymous_3)","decl":{"start":{"line":52,"column":83},"end":{"line":52,"column":84}},"loc":{"start":{"line":52,"column":94},"end":{"line":52,"column":125}},"line":52},"4":{"name":"(anonymous_4)","decl":{"start":{"line":53,"column":87},"end":{"line":53,"column":88}},"loc":{"start":{"line":53,"column":98},"end":{"line":53,"column":129}},"line":53},"5":{"name":"(anonymous_5)","decl":{"start":{"line":54,"column":81},"end":{"line":54,"column":82}},"loc":{"start":{"line":54,"column":92},"end":{"line":54,"column":125}},"line":54},"6":{"name":"(anonymous_6)","decl":{"start":{"line":55,"column":93},"end":{"line":55,"column":94}},"loc":{"start":{"line":55,"column":104},"end":{"line":55,"column":132}},"line":55},"7":{"name":"(anonymous_7)","decl":{"start":{"line":56,"column":85},"end":{"line":56,"column":86}},"loc":{"start":{"line":56,"column":96},"end":{"line":56,"column":127}},"line":56},"8":{"name":"(anonymous_8)","decl":{"start":{"line":57,"column":90},"end":{"line":57,"column":91}},"loc":{"start":{"line":57,"column":101},"end":{"line":57,"column":139}},"line":57},"9":{"name":"(anonymous_9)","decl":{"start":{"line":58,"column":37},"end":{"line":58,"column":38}},"loc":{"start":{"line":58,"column":43},"end":{"line":58,"column":175}},"line":58}},"branchMap":{"0":{"loc":{"start":{"line":26,"column":7},"end":{"line":44,"column":8}},"type":"if","locations":[{"start":{"line":26,"column":7},"end":{"line":44,"column":8}},{"start":{"line":28,"column":13},"end":{"line":44,"column":8}}],"line":26},"1":{"loc":{"start":{"line":28,"column":13},"end":{"line":44,"column":8}},"type":"if","locations":[{"start":{"line":28,"column":13},"end":{"line":44,"column":8}},{"start":{"line":30,"column":13},"end":{"line":44,"column":8}}],"line":28},"2":{"loc":{"start":{"line":30,"column":13},"end":{"line":44,"column":8}},"type":"if","locations":[{"start":{"line":30,"column":13},"end":{"line":44,"column":8}},{"start":{"line":32,"column":13},"end":{"line":44,"column":8}}],"line":30},"3":{"loc":{"start":{"line":32,"column":13},"end":{"line":44,"column":8}},"type":"if","locations":[{"start":{"line":32,"column":13},"end":{"line":44,"column":8}},{"start":{"line":34,"column":13},"end":{"line":44,"column":8}}],"line":32},"4":{"loc":{"start":{"line":34,"column":13},"end":{"line":44,"column":8}},"type":"if","locations":[{"start":{"line":34,"column":13},"end":{"line":44,"column":8}},{"start":{"line":36,"column":13},"end":{"line":44,"column":8}}],"line":34},"5":{"loc":{"start":{"line":36,"column":13},"end":{"line":44,"column":8}},"type":"if","locations":[{"start":{"line":36,"column":13},"end":{"line":44,"column":8}},{"start":{"line":38,"column":12},"end":{"line":44,"column":8}}],"line":36},"6":{"loc":{"start":{"line":36,"column":16},"end":{"line":36,"column":65}},"type":"binary-expr","locations":[{"start":{"line":36,"column":16},"end":{"line":36,"column":31}},{"start":{"line":36,"column":35},"end":{"line":36,"column":65}}],"line":36}},"s":{"0":4,"1":1,"2":1,"3":1,"4":1,"5":1,"6":1,"7":1,"8":1,"9":1,"10":0,"11":0,"12":0,"13":0,"14":0,"15":0,"16":0,"17":0,"18":0,"19":0,"20":0,"21":0,"22":0,"23":0,"24":0,"25":0,"26":1,"27":0,"28":0,"29":0,"30":0,"31":0,"32":0,"33":0,"34":0},"f":{"0":1,"1":0,"2":0,"3":0,"4":0,"5":0,"6":0,"7":0,"8":0,"9":0},"b":{"0":[0,0],"1":[0,0],"2":[0,0],"3":[0,0],"4":[0,0],"5":[0,0],"6":[0,0]},"_coverageSchema":"1a1c01bbd47fc00a2c39e90264f33305004495a9","hash":"29c639464926c3276edad8269bdf8d58bb163b8c"}
,"/home/s/Desktop/P/try/Sprint 3 demo/Wits_Overflow/src/components/sum.js": {"path":"/home/s/Desktop/P/try/Sprint 3 demo/Wits_Overflow/src/components/sum.js","statementMap":{"0":{"start":{"line":2,"column":4},"end":{"line":2,"column":17}},"1":{"start":{"line":4,"column":0},"end":{"line":4,"column":21}}},"fnMap":{"0":{"name":"sum","decl":{"start":{"line":1,"column":9},"end":{"line":1,"column":12}},"loc":{"start":{"line":1,"column":19},"end":{"line":3,"column":1}},"line":1}},"branchMap":{},"s":{"0":1,"1":1},"f":{"0":1},"b":{},"_coverageSchema":"1a1c01bbd47fc00a2c39e90264f33305004495a9","hash":"6f6f6ece183d2d769ecc24c677d453ae743c58c5"}
,"/home/s/Desktop/P/try/Sprint 3 demo/Wits_Overflow/src/components/usersPage.js": {"path":"/home/s/Desktop/P/try/Sprint 3 demo/Wits_Overflow/src/components/usersPage.js","statementMap":{"0":{"start":{"line":4,"column":18},"end":{"line":15,"column":1}},"1":{"start":{"line":5,"column":18},"end":{"line":5,"column":34}},"2":{"start":{"line":6,"column":2},"end":{"line":14,"column":4}}},"fnMap":{"0":{"name":"(anonymous_0)","decl":{"start":{"line":4,"column":18},"end":{"line":4,"column":19}},"loc":{"start":{"line":4,"column":24},"end":{"line":15,"column":1}},"line":4}},"branchMap":{},"s":{"0":1,"1":5,"2":4},"f":{"0":5},"b":{},"_coverageSchema":"1a1c01bbd47fc00a2c39e90264f33305004495a9","hash":"fefd6593f9ae4cd7c1d777f074340404e987c843"}
}
