{"/home/s/Desktop/P/3/sprint 3/Wits_Overflow/src/App.js": {"path":"/home/s/Desktop/P/3/sprint 3/Wits_Overflow/src/App.js","statementMap":{"0":{"start":{"line":24,"column":35},"end":{"line":24,"column":51}},"1":{"start":{"line":26,"column":2},"end":{"line":53,"column":4}}},"fnMap":{"0":{"name":"App","decl":{"start":{"line":23,"column":9},"end":{"line":23,"column":12}},"loc":{"start":{"line":23,"column":15},"end":{"line":54,"column":1}},"line":23}},"branchMap":{"0":{"loc":{"start":{"line":28,"column":7},"end":{"line":28,"column":48}},"type":"binary-expr","locations":[{"start":{"line":28,"column":7},"end":{"line":28,"column":12}},{"start":{"line":28,"column":16},"end":{"line":28,"column":48}}],"line":28},"1":{"loc":{"start":{"line":29,"column":7},"end":{"line":29,"column":79}},"type":"cond-expr","locations":[{"start":{"line":29,"column":17},"end":{"line":29,"column":36}},{"start":{"line":29,"column":39},"end":{"line":29,"column":79}}],"line":29},"2":{"loc":{"start":{"line":29,"column":43},"end":{"line":29,"column":74}},"type":"cond-expr","locations":[{"start":{"line":29,"column":50},"end":{"line":29,"column":63}},{"start":{"line":29,"column":66},"end":{"line":29,"column":74}}],"line":29}},"s":{"0":1,"1":1},"f":{"0":1},"b":{"0":[1,0],"1":[0,1],"2":[0,1]},"_coverageSchema":"1a1c01bbd47fc00a2c39e90264f33305004495a9","hash":"4c32878e80fa6673df74359b4b5ed4c02ba79078"}
}
