TN:
SF:src/App.js
FN:23,App
FNF:1
FNH:1
FNDA:1,App
DA:24,1
DA:26,1
LF:2
LH:2
BRDA:28,0,0,1
BRDA:28,0,1,0
BRDA:29,1,0,0
BRDA:29,1,1,1
BRDA:29,2,0,0
BRDA:29,2,1,1
BRF:6
BRH:3
end_of_record
TN:
SF:src/components/AllPostsT.js
FN:7,AllPostsT
FN:14,AllPosts
FN:15,(anonymous_2)
FN:17,(anonymous_3)
FN:24,(anonymous_4)
FN:26,onPost
FN:40,onAnswer
FN:61,(anonymous_7)
FN:68,(anonymous_8)
FNF:9
FNH:1
FNDA:5,AllPostsT
FNDA:0,AllPosts
FNDA:0,(anonymous_2)
FNDA:0,(anonymous_3)
FNDA:0,(anonymous_4)
FNDA:0,onPost
FNDA:0,onAnswer
FNDA:0,(anonymous_7)
FNDA:0,(anonymous_8)
DA:8,5
DA:10,4
DA:12,4
DA:15,0
DA:16,0
DA:17,0
DA:18,0
DA:20,0
DA:24,0
DA:27,0
DA:41,0
DA:54,0
DA:62,0
DA:68,0
LF:14
LH:3
BRF:0
BRH:0
end_of_record
TN:
SF:src/components/AnswerT.js
FN:19,(anonymous_0)
FN:33,(anonymous_1)
FN:34,(anonymous_2)
FN:45,myAnswer
FN:58,(anonymous_4)
FN:70,(anonymous_5)
FNF:6
FNH:1
FNDA:5,(anonymous_0)
FNDA:0,(anonymous_1)
FNDA:0,(anonymous_2)
FNDA:0,myAnswer
FNDA:0,(anonymous_4)
FNDA:0,(anonymous_5)
DA:13,2
DA:19,2
DA:20,5
DA:22,5
DA:23,5
DA:24,0
DA:25,0
DA:26,0
DA:27,0
DA:28,0
DA:29,0
DA:31,0
DA:33,0
DA:34,0
DA:35,0
DA:36,0
DA:44,0
DA:46,0
DA:47,0
DA:49,0
DA:50,0
DA:51,0
DA:56,0
DA:59,0
DA:60,0
DA:61,0
DA:62,0
DA:63,0
DA:64,0
DA:70,0
LF:30
LH:5
BRDA:35,0,0,0
BRDA:35,0,1,0
BRDA:46,1,0,0
BRDA:46,1,1,0
BRF:4
BRH:0
end_of_record
TN:
SF:src/components/MyPostsT.js
FN:17,MyPostsT
FN:21,(anonymous_1)
FN:22,(anonymous_2)
FN:31,getMyPosts
FN:32,(anonymous_4)
FN:34,(anonymous_5)
FN:41,(anonymous_6)
FN:46,uCorrect
FN:50,uNotCorrect
FN:59,(anonymous_9)
FN:69,(anonymous_10)
FN:70,(anonymous_11)
FNF:12
FNH:5
FNDA:2,MyPostsT
FNDA:1,(anonymous_1)
FNDA:1,(anonymous_2)
FNDA:1,getMyPosts
FNDA:0,(anonymous_4)
FNDA:0,(anonymous_5)
FNDA:1,(anonymous_6)
FNDA:0,uCorrect
FNDA:0,uNotCorrect
FNDA:0,(anonymous_9)
FNDA:0,(anonymous_10)
FNDA:0,(anonymous_11)
DA:12,2
DA:18,2
DA:19,1
DA:21,1
DA:22,1
DA:23,1
DA:24,0
DA:29,1
DA:32,1
DA:33,0
DA:34,0
DA:35,0
DA:37,0
DA:41,1
DA:42,1
DA:45,1
DA:47,0
DA:48,0
DA:51,0
DA:52,0
DA:55,1
DA:60,0
DA:69,0
DA:70,0
LF:24
LH:12
BRDA:23,0,0,0
BRDA:23,0,1,1
BRF:2
BRH:1
end_of_record
TN:
SF:src/components/PostsT.js
FN:14,PostsT
FN:23,(anonymous_1)
FN:24,(anonymous_2)
FN:36,handleAddPost
FN:48,(anonymous_4)
FN:52,(anonymous_5)
FN:55,(anonymous_6)
FNF:7
FNH:3
FNDA:1,PostsT
FNDA:1,(anonymous_1)
FNDA:1,(anonymous_2)
FNDA:0,handleAddPost
FNDA:0,(anonymous_4)
FNDA:0,(anonymous_5)
FNDA:0,(anonymous_6)
DA:12,2
DA:15,1
DA:16,1
DA:17,1
DA:18,1
DA:19,1
DA:23,1
DA:24,1
DA:25,1
DA:26,0
DA:27,0
DA:28,0
DA:34,1
DA:37,0
DA:38,0
DA:39,0
DA:43,1
DA:48,0
DA:52,0
DA:55,0
LF:20
LH:11
BRDA:25,0,0,0
BRDA:25,0,1,1
BRF:2
BRH:1
end_of_record
TN:
SF:src/components/auth.js
FN:5,(anonymous_0)
FN:7,(anonymous_1)
FN:8,(anonymous_2)
FNF:3
FNH:1
FNDA:2,(anonymous_0)
FNDA:0,(anonymous_1)
FNDA:0,(anonymous_2)
DA:5,2
DA:6,2
DA:7,2
DA:8,0
DA:10,2
LF:5
LH:4
BRDA:12,0,0,2
BRDA:12,0,1,0
BRDA:14,1,0,2
BRDA:14,1,1,0
BRF:4
BRH:2
end_of_record
TN:
SF:src/components/dashboard.js
FN:6,(anonymous_0)
FNF:1
FNH:1
FNDA:1,(anonymous_0)
DA:6,2
DA:7,1
LF:2
LH:2
BRF:0
BRH:0
end_of_record
TN:
SF:src/components/navbar.jsx
FN:10,Navbar
FN:14,(anonymous_1)
FNF:2
FNH:1
FNDA:2,Navbar
FNDA:0,(anonymous_1)
DA:11,2
DA:12,2
DA:13,2
DA:14,2
DA:15,0
DA:16,0
DA:17,0
DA:20,0
DA:21,0
DA:22,0
DA:24,2
LF:11
LH:5
BRDA:15,0,0,0
BRDA:15,0,1,0
BRDA:20,1,0,0
BRDA:20,1,1,0
BRF:4
BRH:0
end_of_record
TN:
SF:src/components/postDetails.js
FN:15,(anonymous_0)
FN:36,(anonymous_1)
FN:37,(anonymous_2)
FN:57,Pulling
FN:60,(anonymous_4)
FN:62,(anonymous_5)
FN:69,myAnswer
FN:99,(anonymous_7)
FN:119,(anonymous_8)
FN:123,(anonymous_9)
FNF:10
FNH:1
FNDA:5,(anonymous_0)
FNDA:0,(anonymous_1)
FNDA:0,(anonymous_2)
FNDA:0,Pulling
FNDA:0,(anonymous_4)
FNDA:0,(anonymous_5)
FNDA:0,myAnswer
FNDA:0,(anonymous_7)
FNDA:0,(anonymous_8)
FNDA:0,(anonymous_9)
DA:13,2
DA:15,2
DA:17,5
DA:19,5
DA:21,5
DA:22,4
DA:23,4
DA:24,4
DA:25,4
DA:26,4
DA:27,4
DA:28,4
DA:29,4
DA:30,4
DA:32,4
DA:34,4
DA:36,4
DA:37,0
DA:38,0
DA:39,0
DA:41,0
DA:44,0
DA:45,0
DA:46,0
DA:47,0
DA:48,0
DA:49,0
DA:50,0
DA:51,0
DA:58,0
DA:60,0
DA:61,0
DA:62,0
DA:63,0
DA:65,0
DA:70,0
DA:71,0
DA:73,0
DA:74,0
DA:75,0
DA:78,4
DA:80,4
DA:81,0
DA:101,0
DA:120,0
DA:123,0
LF:46
LH:19
BRDA:38,0,0,0
BRDA:38,0,1,0
BRDA:70,1,0,0
BRDA:70,1,1,0
BRF:4
BRH:0
end_of_record
TN:
SF:src/components/profile.js
FN:15,(anonymous_0)
FN:21,(anonymous_1)
FN:22,(anonymous_2)
FN:35,getProfile
FN:36,(anonymous_4)
FN:38,(anonymous_5)
FN:45,(anonymous_6)
FN:54,(anonymous_7)
FN:80,(anonymous_8)
FNF:9
FNH:1
FNDA:5,(anonymous_0)
FNDA:0,(anonymous_1)
FNDA:0,(anonymous_2)
FNDA:0,getProfile
FNDA:0,(anonymous_4)
FNDA:0,(anonymous_5)
FNDA:0,(anonymous_6)
FNDA:0,(anonymous_7)
FNDA:0,(anonymous_8)
DA:12,2
DA:15,2
DA:16,5
DA:17,4
DA:18,4
DA:21,4
DA:22,0
DA:23,0
DA:24,0
DA:25,0
DA:26,0
DA:32,4
DA:33,4
DA:36,0
DA:37,0
DA:38,0
DA:39,0
DA:41,0
DA:45,4
DA:46,0
DA:51,4
DA:52,0
DA:54,0
DA:55,0
DA:58,0
DA:81,0
LF:26
LH:10
BRDA:23,0,0,0
BRDA:23,0,1,0
BRF:2
BRH:0
end_of_record
TN:
SF:src/components/resestPass.js
FN:4,(anonymous_0)
FN:8,(anonymous_1)
FNF:2
FNH:0
FNDA:0,(anonymous_0)
FNDA:0,(anonymous_1)
DA:4,2
DA:5,0
DA:6,0
DA:8,0
DA:9,0
DA:10,0
DA:11,0
DA:12,0
DA:17,0
LF:9
LH:1
BRDA:11,0,0,0
BRDA:11,0,1,0
BRF:2
BRH:0
end_of_record
TN:
SF:src/components/resetPassword.js
FN:11,(anonymous_0)
FN:17,(anonymous_1)
FN:23,(anonymous_2)
FN:41,(anonymous_3)
FN:47,(anonymous_4)
FN:49,(anonymous_5)
FNF:6
FNH:0
FNDA:0,(anonymous_0)
FNDA:0,(anonymous_1)
FNDA:0,(anonymous_2)
FNDA:0,(anonymous_3)
FNDA:0,(anonymous_4)
FNDA:0,(anonymous_5)
DA:6,0
DA:11,0
DA:12,0
DA:14,0
DA:17,0
DA:18,0
DA:25,0
DA:41,1
DA:42,0
DA:47,1
DA:48,0
DA:49,0
LF:12
LH:2
BRF:0
BRH:0
end_of_record
TN:
SF:src/components/setupTests.js
FNF:0
FNH:0
DA:1,0
DA:7,0
LF:2
LH:0
BRF:0
BRH:0
end_of_record
TN:
SF:src/components/signin.js
FN:5,(anonymous_0)
FN:10,(anonymous_1)
FNF:2
FNH:1
FNDA:3,(anonymous_0)
FNDA:0,(anonymous_1)
DA:5,3
DA:6,3
DA:7,3
DA:8,3
DA:10,3
DA:11,0
DA:12,0
DA:13,0
DA:14,0
DA:17,3
LF:10
LH:6
BRDA:14,0,0,0
BRDA:14,0,1,0
BRDA:14,1,0,0
BRDA:14,1,1,0
BRF:4
BRH:0
end_of_record
TN:
SF:src/components/signup.js
FN:8,(anonymous_0)
FN:24,handleSubmit
FN:51,(anonymous_2)
FN:52,(anonymous_3)
FN:53,(anonymous_4)
FN:54,(anonymous_5)
FN:55,(anonymous_6)
FN:56,(anonymous_7)
FN:57,(anonymous_8)
FN:58,(anonymous_9)
FNF:10
FNH:1
FNDA:1,(anonymous_0)
FNDA:0,handleSubmit
FNDA:0,(anonymous_2)
FNDA:0,(anonymous_3)
FNDA:0,(anonymous_4)
FNDA:0,(anonymous_5)
FNDA:0,(anonymous_6)
FNDA:0,(anonymous_7)
FNDA:0,(anonymous_8)
FNDA:0,(anonymous_9)
DA:8,4
DA:10,1
DA:13,1
DA:14,1
DA:15,1
DA:16,1
DA:17,1
DA:18,1
DA:19,1
DA:21,1
DA:26,0
DA:27,0
DA:28,0
DA:29,0
DA:30,0
DA:31,0
DA:32,0
DA:33,0
DA:34,0
DA:35,0
DA:36,0
DA:37,0
DA:39,0
DA:40,0
DA:41,0
DA:42,0
DA:47,1
DA:51,0
DA:52,0
DA:53,0
DA:54,0
DA:55,0
DA:56,0
DA:57,0
DA:58,0
LF:35
LH:11
BRDA:26,0,0,0
BRDA:26,0,1,0
BRDA:28,1,0,0
BRDA:28,1,1,0
BRDA:30,2,0,0
BRDA:30,2,1,0
BRDA:32,3,0,0
BRDA:32,3,1,0
BRDA:34,4,0,0
BRDA:34,4,1,0
BRDA:36,5,0,0
BRDA:36,5,1,0
BRDA:36,6,0,0
BRDA:36,6,1,0
BRF:14
BRH:0
end_of_record
TN:
SF:src/components/sum.js
FN:1,sum
FNF:1
FNH:1
FNDA:1,sum
DA:2,1
DA:4,1
LF:2
LH:2
BRF:0
BRH:0
end_of_record
TN:
SF:src/components/usersPage.js
FN:4,(anonymous_0)
FNF:1
FNH:1
FNDA:5,(anonymous_0)
DA:4,1
DA:5,5
DA:6,4
LF:3
LH:3
BRF:0
BRH:0
end_of_record
